-------------------------------------------------------------------------------
Test set: ru.netology.statistic.StatisticsServiceTest
-------------------------------------------------------------------------------
Tests run: 2, Failures: 1, Errors: 0, Skipped: 0, Time elapsed: 0.054 s <<< FAILURE! - in ru.netology.statistic.StatisticsServiceTest
findMaxAnother  Time elapsed: 0.013 s  <<< FAILURE!
org.opentest4j.AssertionFailedError: expected: <12> but was: <0>
	at ru.netology.statistic.StatisticsServiceTest.findMaxAnother(StatisticsServiceTest.java:30)

